{
  "stats": {
    "suites": 3,
    "tests": 13,
    "passes": 13,
    "pending": 0,
    "failures": 0,
    "start": "2022-04-12T14:40:32.915Z",
    "end": "2022-04-12T14:41:40.936Z",
    "duration": 62557,
    "testsRegistered": 13,
    "passPercent": 100,
    "pendingPercent": 0,
    "other": 0,
    "hasOther": false,
    "skipped": 0,
    "hasSkipped": false
  },
  "results": [
    {
      "uuid": "74d674c9-7b15-4351-9893-7a93c0d34324",
      "title": "",
      "fullFile": "cypress/integration/jsonObject.spec.js",
      "file": "cypress/integration/jsonObject.spec.js",
      "beforeHooks": [],
      "afterHooks": [],
      "tests": [],
      "suites": [
        {
          "uuid": "f8161d4a-9b62-48ca-a452-f3ec5e6798f9",
          "title": "JSON object",
          "fullFile": "",
          "file": "",
          "beforeHooks": [],
          "afterHooks": [],
          "tests": [
            {
              "title": "JSON Object",
              "fullTitle": "JSON object JSON Object",
              "timedOut": null,
              "duration": 2280,
              "state": "passed",
              "speed": "fast",
              "pass": true,
              "fail": false,
              "pending": false,
              "context": null,
              "code": "cy.openHomePage();\nconst sipmpleObject = {\n  \"key\": \"value\",\n  \"key2\": \"value2\"\n};\nconst simpleArrayOfValue = [\"one\", \"two\", \"three\"];\nconst arrayOfObject = [{\n  \"key\": \"value\"\n}, {\n  \"key2\": \"value2\"\n}, {\n  \"key3\": \"value3\"\n}];\nconst typesData = {\n  \"string\": \"this is a string\",\n  \"number\": 10\n};\nconst mix = {\n  \"FirstName\": \"Yaroslav\",\n  \"LastName\": \"Saienko\",\n  \"Age\": 23,\n  \"Students\": [{\n    \"firstName\": \"Stacia\",\n    \"lastName\": \"Andreenko\"\n  }, {\n    \"firstName\": \"Ivan\",\n    \"lastName\": \"Bondar\"\n  }]\n};\nconsole.log(sipmpleObject.key);\nconsole.log(sipmpleObject[\"key2\"]);\nconsole.log(simpleArrayOfValue[1]);\nconsole.log(arrayOfObject[2].key3);\nconsole.log(mix.Students[1].firstName);",
              "err": {},
              "uuid": "9e187905-bd52-4cb8-a33e-bb0a5b74be59",
              "parentUUID": "f8161d4a-9b62-48ca-a452-f3ec5e6798f9",
              "isHook": false,
              "skipped": false
            }
          ],
          "suites": [],
          "passes": [
            "9e187905-bd52-4cb8-a33e-bb0a5b74be59"
          ],
          "failures": [],
          "pending": [],
          "skipped": [],
          "duration": 2280,
          "root": false,
          "rootEmpty": false,
          "_timeout": 2000
        }
      ],
      "passes": [],
      "failures": [],
      "pending": [],
      "skipped": [],
      "duration": 0,
      "root": true,
      "rootEmpty": true,
      "_timeout": 2000
    },
    {
      "uuid": "9c5c1f6a-e7fa-40b1-b5c1-feb02d262912",
      "title": "",
      "fullFile": "cypress/integration/testWithPageObject.js",
      "file": "cypress/integration/testWithPageObject.js",
      "beforeHooks": [],
      "afterHooks": [],
      "tests": [],
      "suites": [
        {
          "uuid": "e3c4cd5c-0375-498a-b829-e4c26eb7d709",
          "title": "",
          "fullFile": "",
          "file": "",
          "beforeHooks": [],
          "afterHooks": [],
          "tests": [
            {
              "title": "upt nav menu",
              "fullTitle": " upt nav menu",
              "timedOut": null,
              "duration": 6874,
              "state": "passed",
              "speed": "medium",
              "pass": true,
              "fail": false,
              "pending": false,
              "context": null,
              "code": "_navigationPage.navigateTo.formLayoutsPage();\n_navigationPage.navigateTo.datepockerPage();\n_navigationPage.navigateTo.smartTablePage();\n_navigationPage.navigateTo.toasterPage();\n_navigationPage.navigateTo.tooltipsPage();",
              "err": {},
              "uuid": "d13e0cfa-6d09-402f-8fb9-801e5e3bc500",
              "parentUUID": "e3c4cd5c-0375-498a-b829-e4c26eb7d709",
              "isHook": false,
              "skipped": false
            },
            {
              "title": " should test Inline form and Basic form + check Smart Table",
              "fullTitle": "  should test Inline form and Basic form + check Smart Table",
              "timedOut": null,
              "duration": 15496,
              "state": "passed",
              "speed": "slow",
              "pass": true,
              "fail": false,
              "pending": false,
              "context": null,
              "code": "_navigationPage.navigateTo.formLayoutsPage();\n_formLayoutsPage.onFormLayoutsPage.submitInlineFormWithNameAndEmail('Yaroslav', 'test@gmail.com');\n_formLayoutsPage.onFormLayoutsPage.submitBasicFormWithNameAndEmail('test@gmail.com', 'test');\n_navigationPage.navigateTo.smartTablePage();\n_smartTable.onSmartTablePage.addNewTabWithFirsrLastName('Yaroslav', 'Saienko');\n_smartTable.onSmartTablePage.updateAgeSmartTable('Yaroslav', '25');\n_smartTable.onSmartTablePage.deleteRowByIndex(2);",
              "err": {},
              "uuid": "a08cd25f-b6bc-4d54-860e-6fb71d64c060",
              "parentUUID": "e3c4cd5c-0375-498a-b829-e4c26eb7d709",
              "isHook": false,
              "skipped": false
            }
          ],
          "suites": [],
          "passes": [
            "d13e0cfa-6d09-402f-8fb9-801e5e3bc500",
            "a08cd25f-b6bc-4d54-860e-6fb71d64c060"
          ],
          "failures": [],
          "pending": [],
          "skipped": [],
          "duration": 22370,
          "root": false,
          "rootEmpty": false,
          "_timeout": 2000
        }
      ],
      "passes": [],
      "failures": [],
      "pending": [],
      "skipped": [],
      "duration": 0,
      "root": true,
      "rootEmpty": true,
      "_timeout": 2000
    },
    {
      "uuid": "17a36665-392e-459d-89a7-8e8bd7844495",
      "title": "",
      "fullFile": "cypress/integration/firstTest.spec.js",
      "file": "cypress/integration/firstTest.spec.js",
      "beforeHooks": [],
      "afterHooks": [],
      "tests": [],
      "suites": [
        {
          "uuid": "d94eb145-4999-4ca1-8c75-6dbcf59af0e3",
          "title": "First step",
          "fullFile": "",
          "file": "",
          "beforeHooks": [],
          "afterHooks": [],
          "tests": [
            {
              "title": "first test",
              "fullTitle": "First step first test",
              "timedOut": null,
              "duration": 4239,
              "state": "passed",
              "speed": "fast",
              "pass": true,
              "fail": false,
              "pending": false,
              "context": null,
              "code": "cy.visit('/');\ncy.contains('Forms').click();\ncy.contains('Form Layouts').click();\ncy.wait(200);\ncy.get('[tabindex=\"0\"]').parents('form').find('label');\ncy.contains('nb-card', 'Horizontal form').find('[type=\"password\"]');",
              "err": {},
              "uuid": "a03a4ef3-389c-42ff-b5c7-ac90432fe925",
              "parentUUID": "d94eb145-4999-4ca1-8c75-6dbcf59af0e3",
              "isHook": false,
              "skipped": false
            },
            {
              "title": "second test",
              "fullTitle": "First step second test",
              "timedOut": null,
              "duration": 2431,
              "state": "passed",
              "speed": "fast",
              "pass": true,
              "fail": false,
              "pending": false,
              "context": null,
              "code": "cy.visit('/');\ncy.contains('Forms').click();\ncy.contains('Form Layouts').click();\ncy.wait(200); // cy.contains('nb-card','Using the Grid').find('[for=\"inputEmail1\"]').should('contain', \"Email\")\n// cy.contains('nb-card','Using the Grid').find('[for=\"inputPassword2\"]').should('contain', \"Password\")\n// cy.contains('nb-card','Basic form').find('[for=\"exampleInputEmail1\"]').should('contain', \"Email address\")\n// cy.contains('nb-card','Basic form').find('[for=\"exampleInputPassword1\"]').should('contain', \"Password\")\ncy.contains('nb-card', 'Using the Grid').then(firstForm => {\n  const firstEmailForm = firstForm.find('[for=\"inputEmail1\"]').text();\n  const firstPasswordForm = firstForm.find('[for=\"inputPassword2\"]').text();\n  expect(firstEmailForm).to.equal(\"Email\");\n  expect(firstPasswordForm).to.equal(\"Password\");\n  cy.contains('nb-card', 'Basic form').then(secondForm => {\n    const secondPasswordForm = secondForm.find('[for=\"exampleInputPassword1\"]').text();\n    expect(firstPasswordForm).to.equal(secondPasswordForm);\n    cy.wrap(secondForm).should('contain', \"Password\");\n  });\n});",
              "err": {},
              "uuid": "ba733670-d6da-47c0-9610-732a3bf3ae6b",
              "parentUUID": "d94eb145-4999-4ca1-8c75-6dbcf59af0e3",
              "isHook": false,
              "skipped": false
            },
            {
              "title": "invoke command",
              "fullTitle": "First step invoke command",
              "timedOut": null,
              "duration": 2776,
              "state": "passed",
              "speed": "fast",
              "pass": true,
              "fail": false,
              "pending": false,
              "context": null,
              "code": "cy.visit('/');\ncy.contains('Forms').click();\ncy.contains('Form Layouts').click();\ncy.wait(200); //1\ncy.get('[for=\"exampleInputEmail1\"]').should('contain', 'Email address'); //2\ncy.get('[for=\"exampleInputEmail1\"]').then(label => {\n  expect(label.text()).to.equal('Email address');\n}); //3\ncy.get('[for=\"exampleInputEmail1\"]').invoke('text').then(text => {\n  expect(text).to.equal('Email address');\n});\ncy.contains('nb-card', 'Basic form').find('nb-checkbox').click().find('.custom-checkbox').invoke('attr', 'class') // .should('contain', 'checked')\n.then(className => {\n  expect(className).to.contain('checked');\n});",
              "err": {},
              "uuid": "4ee6c248-b072-4ce9-a115-aa9363c8f8c3",
              "parentUUID": "d94eb145-4999-4ca1-8c75-6dbcf59af0e3",
              "isHook": false,
              "skipped": false
            },
            {
              "title": "Datepicker  test",
              "fullTitle": "First step Datepicker  test",
              "timedOut": null,
              "duration": 3003,
              "state": "passed",
              "speed": "fast",
              "pass": true,
              "fail": false,
              "pending": false,
              "context": null,
              "code": "cy.visit('/');\ncy.contains('Forms').click();\ncy.contains('Datepicker').click();\nlet date = new Date();\ndate.setDate(date.getDate() + 5);\nlet futureDay = date.getDate();\nlet futureMonth = date.toLocaleString('default', {\n  month: 'short'\n});\ncy.contains('nb-card', 'Common Datepicker').find('input').then(input => {\n  cy.wrap(input).click();\n  cy.get('nb-calendar-navigation').invoke('attr', 'ng-reflect-date').then(dateAttr => {\n    if (dateAttr == futureMonth) {\n      cy.get('nb-calendar-day-picker [class=\"day-cell ng-star-inserted\"]').contains(futureDay).click();\n    }\n    if (!dateAttr.includes(futureMonth)) {\n      cy.get('[data-name=\"chevron-right\"]').click();\n      cy.get('nb-calendar-day-picker [class=\"day-cell ng-star-inserted\"]').contains(futureDay).click();\n    }\n  });\n});",
              "err": {},
              "uuid": "6ef0174d-6893-441a-8e74-c5704c999003",
              "parentUUID": "d94eb145-4999-4ca1-8c75-6dbcf59af0e3",
              "isHook": false,
              "skipped": false
            },
            {
              "title": "radioboxes test",
              "fullTitle": "First step radioboxes test",
              "timedOut": null,
              "duration": 2711,
              "state": "passed",
              "speed": "fast",
              "pass": true,
              "fail": false,
              "pending": false,
              "context": null,
              "code": "cy.visit('/');\ncy.contains('Forms').click();\ncy.contains('Form Layouts').click();\ncy.wait(200);\ncy.contains('nb-card', 'Using the Grid').find('[type=\"radio\"]').then(radioButton => {\n  cy.wrap(radioButton).first().check({\n    force: true\n  }).should('be.checked');\n  cy.wrap(radioButton).eq(1).check({\n    force: true\n  });\n  cy.wrap(radioButton).first().should('not.be.checked');\n  cy.wrap(radioButton).eq(2).should('be.disabled');\n});",
              "err": {},
              "uuid": "ed3cf45c-d139-404a-8b6e-8de68b45cf1d",
              "parentUUID": "d94eb145-4999-4ca1-8c75-6dbcf59af0e3",
              "isHook": false,
              "skipped": false
            },
            {
              "title": "checkboxes test",
              "fullTitle": "First step checkboxes test",
              "timedOut": null,
              "duration": 2361,
              "state": "passed",
              "speed": "fast",
              "pass": true,
              "fail": false,
              "pending": false,
              "context": null,
              "code": "cy.visit('/');\ncy.contains('Modal & Overlays').click();\ncy.contains('Toastr').click();\ncy.wait(200); // cy.get('[type=\"checkbox\"]').check({force: true})\n// cy.get('[type=\"checkbox\"]').eq(0).click({force: true})\ncy.get('[type=\"checkbox\"]').eq(0).check({\n  force: true\n});",
              "err": {},
              "uuid": "0808f0fe-02ef-4a2a-8567-a7b5011baa0c",
              "parentUUID": "d94eb145-4999-4ca1-8c75-6dbcf59af0e3",
              "isHook": false,
              "skipped": false
            },
            {
              "title": "lists and dropdown test",
              "fullTitle": "First step lists and dropdown test",
              "timedOut": null,
              "duration": 2988,
              "state": "passed",
              "speed": "fast",
              "pass": true,
              "fail": false,
              "pending": false,
              "context": null,
              "code": "cy.visit('/'); //1\n// cy.get('nav nb-select').contains(\"Light\").click()\n// cy.get('[ng-reflect-value=\"dark\"]').click()\n// cy.get('nav nb-select').should('contain', 'Dark')\n// cy.get('nb-layout-header nav').should('have.css', 'background-color', 'rgb(34, 43, 69)')\n//2\ncy.get('nav nb-select').then(dropdown => {\n  cy.wrap(dropdown).click();\n  cy.get('.options-list nb-option').each((listItem, index) => {\n    const colorText = listItem.text().trim();\n    const color = {\n      \"Light\": \"rgb(255, 255, 255)\",\n      \"Dark\": \"rgb(34, 43, 69)\",\n      \"Cosmic\": \"rgb(50, 50, 89)\",\n      \"Corporate\": \"rgb(255, 255, 255)\"\n    };\n    cy.wrap(listItem).click();\n    cy.wrap(dropdown).should('contain', colorText);\n    cy.get('nb-layout-header nav').should('have.css', 'background-color', color[colorText]);\n    if (index < 3) {\n      cy.wrap(dropdown).click();\n    }\n  });\n});",
              "err": {},
              "uuid": "c00acdb9-a6ee-4397-9bee-b019688ec68e",
              "parentUUID": "d94eb145-4999-4ca1-8c75-6dbcf59af0e3",
              "isHook": false,
              "skipped": false
            },
            {
              "title": "Web tabs test",
              "fullTitle": "First step Web tabs test",
              "timedOut": null,
              "duration": 11200,
              "state": "passed",
              "speed": "slow",
              "pass": true,
              "fail": false,
              "pending": false,
              "context": null,
              "code": "cy.visit('/');\ncy.contains('Tables & Data').click();\ncy.contains('Smart Table').click(); //1\ncy.get('tbody').contains('tr', \"Larry\").then(tableRow => {\n  cy.wrap(tableRow).find('.nb-edit').click();\n  cy.wrap(tableRow).find('[placeholder=\"Age\"]').clear().type('25');\n  cy.wrap(tableRow).find('.nb-checkmark').click();\n  cy.wrap(tableRow).find('td').eq(6).contains('25');\n}); //2\ncy.get('thead').find('.nb-plus').click();\ncy.get('thead').find('tr').eq(2).then(tableRow => {\n  cy.wrap(tableRow).find('[placeholder=\"First Name\"]').click().type('Yaroslav');\n  cy.wrap(tableRow).find('[placeholder=\"Last Name\"]').click().type('Saienko');\n  cy.wrap(tableRow).find('.nb-checkmark').click();\n});\ncy.get('tbody').find('tr').eq(0).then(tableRow => {\n  cy.wrap(tableRow).find('td').eq(2).contains('Yaroslav');\n  cy.wrap(tableRow).find('td').eq(3).contains('Saienko');\n}); //3 \nconst age = [20, 30, 40, 200];\ncy.wrap(age).each(age => {\n  cy.get('thead [placeholder=\"Age\"]').clear().type(age);\n  cy.wait(500);\n  cy.get('tbody tr').each(tableColum => {\n    if (age == 200) {\n      cy.wrap(tableColum).should('contain', 'No data found');\n    } else {\n      cy.wrap(tableColum).find('td').eq(6).should('contain', age);\n    }\n  });\n});",
              "err": {},
              "uuid": "b2a446bf-31b5-44ae-97ff-60b2b8cbff85",
              "parentUUID": "d94eb145-4999-4ca1-8c75-6dbcf59af0e3",
              "isHook": false,
              "skipped": false
            },
            {
              "title": "Tooltips",
              "fullTitle": "First step Tooltips",
              "timedOut": null,
              "duration": 3073,
              "state": "passed",
              "speed": "fast",
              "pass": true,
              "fail": false,
              "pending": false,
              "context": null,
              "code": "cy.visit('/');\ncy.contains('Modal & Overlays').click();\ncy.contains('Tooltip').click();\ncy.contains('nb-card', 'Colored Tooltips').contains('Default').click();\ncy.get('nb-tooltip').should('contain', 'This is a tooltip');",
              "err": {},
              "uuid": "3bfca2d2-a4b5-4064-b8d6-1a73d1d05963",
              "parentUUID": "d94eb145-4999-4ca1-8c75-6dbcf59af0e3",
              "isHook": false,
              "skipped": false
            },
            {
              "title": "browsers dialog box test",
              "fullTitle": "First step browsers dialog box test",
              "timedOut": null,
              "duration": 3125,
              "state": "passed",
              "speed": "fast",
              "pass": true,
              "fail": false,
              "pending": false,
              "context": null,
              "code": "cy.visit('/');\ncy.contains('Tables & Data').click();\ncy.contains('Smart Table').click(); //1\ncy.get('tbody tr').first().find('.nb-trash').click();\ncy.on('window:confirm', confirm => {\n  expect(confirm).to.equal('Are you sure you want to delete?');\n}); //2\nconst stub = cy.stub();\ncy.on('window:confirm', stub);\ncy.get('tbody tr').first().find('.nb-trash').click().then(() => {\n  expect(stub.getCall(0)).to.be.calledWith('Are you sure you want to delete?');\n}); //3 'cancel'\ncy.get('tbody tr').first().find('.nb-trash').click();\ncy.on('window:confirm', () => false);",
              "err": {},
              "uuid": "f6894206-56ae-4f7d-8366-e5f04eff5efd",
              "parentUUID": "d94eb145-4999-4ca1-8c75-6dbcf59af0e3",
              "isHook": false,
              "skipped": false
            }
          ],
          "suites": [],
          "passes": [
            "a03a4ef3-389c-42ff-b5c7-ac90432fe925",
            "ba733670-d6da-47c0-9610-732a3bf3ae6b",
            "4ee6c248-b072-4ce9-a115-aa9363c8f8c3",
            "6ef0174d-6893-441a-8e74-c5704c999003",
            "ed3cf45c-d139-404a-8b6e-8de68b45cf1d",
            "0808f0fe-02ef-4a2a-8567-a7b5011baa0c",
            "c00acdb9-a6ee-4397-9bee-b019688ec68e",
            "b2a446bf-31b5-44ae-97ff-60b2b8cbff85",
            "3bfca2d2-a4b5-4064-b8d6-1a73d1d05963",
            "f6894206-56ae-4f7d-8366-e5f04eff5efd"
          ],
          "failures": [],
          "pending": [],
          "skipped": [],
          "duration": 37907,
          "root": false,
          "rootEmpty": false,
          "_timeout": 2000
        }
      ],
      "passes": [],
      "failures": [],
      "pending": [],
      "skipped": [],
      "duration": 0,
      "root": true,
      "rootEmpty": true,
      "_timeout": 2000
    }
  ],
  "meta": {
    "mocha": {
      "version": "7.0.1"
    },
    "mochawesome": {
      "options": {
        "quiet": false,
        "reportFilename": "mochawesome",
        "saveHtml": false,
        "saveJson": true,
        "consoleReporter": "spec",
        "useInlineDiffs": false,
        "code": true
      },
      "version": "7.1.3"
    },
    "marge": {
      "options": {
        "id": "default",
        "reportDir": "cypress/results/mochawesome",
        "overwrite": false,
        "html": false,
        "json": true
      },
      "version": "6.2.0"
    }
  }
}