{
  "stats": {
    "suites": 1,
    "tests": 1,
    "passes": 1,
    "pending": 0,
    "failures": 0,
    "start": "2022-04-13T09:26:15.506Z",
    "end": "2022-04-13T09:26:20.735Z",
    "duration": 5229,
    "testsRegistered": 1,
    "passPercent": 100,
    "pendingPercent": 0,
    "other": 0,
    "hasOther": false,
    "skipped": 0,
    "hasSkipped": false
  },
  "results": [
    {
      "uuid": "59ba4c39-2080-4948-a38a-1b2486b90330",
      "title": "",
      "fullFile": "cypress/integration/jsonObject.spec.js",
      "file": "cypress/integration/jsonObject.spec.js",
      "beforeHooks": [],
      "afterHooks": [],
      "tests": [],
      "suites": [
        {
          "uuid": "b63d9a7e-f48a-4c54-a8c0-1173d0e3835b",
          "title": "JSON object",
          "fullFile": "",
          "file": "",
          "beforeHooks": [],
          "afterHooks": [],
          "tests": [
            {
              "title": "JSON Object",
              "fullTitle": "JSON object JSON Object",
              "timedOut": null,
              "duration": 5139,
              "state": "passed",
              "speed": "medium",
              "pass": true,
              "fail": false,
              "pending": false,
              "context": null,
              "code": "cy.openHomePage();\nconst sipmpleObject = {\n  \"key\": \"value\",\n  \"key2\": \"value2\"\n};\nconst simpleArrayOfValue = [\"one\", \"two\", \"three\"];\nconst arrayOfObject = [{\n  \"key\": \"value\"\n}, {\n  \"key2\": \"value2\"\n}, {\n  \"key3\": \"value3\"\n}];\nconst typesData = {\n  \"string\": \"this is a string\",\n  \"number\": 10\n};\nconst mix = {\n  \"FirstName\": \"Yaroslav\",\n  \"LastName\": \"Saienko\",\n  \"Age\": 23,\n  \"Students\": [{\n    \"firstName\": \"Stacia\",\n    \"lastName\": \"Andreenko\"\n  }, {\n    \"firstName\": \"Ivan\",\n    \"lastName\": \"Bondar\"\n  }]\n};\nconsole.log(sipmpleObject.key);\nconsole.log(sipmpleObject[\"key2\"]);\nconsole.log(simpleArrayOfValue[1]);\nconsole.log(arrayOfObject[2].key3);\nconsole.log(mix.Students[1].firstName);",
              "err": {},
              "uuid": "7865aa32-ebb9-40a0-93cd-4790fc50c31a",
              "parentUUID": "b63d9a7e-f48a-4c54-a8c0-1173d0e3835b",
              "isHook": false,
              "skipped": false
            }
          ],
          "suites": [],
          "passes": [
            "7865aa32-ebb9-40a0-93cd-4790fc50c31a"
          ],
          "failures": [],
          "pending": [],
          "skipped": [],
          "duration": 5139,
          "root": false,
          "rootEmpty": false,
          "_timeout": 2000
        }
      ],
      "passes": [],
      "failures": [],
      "pending": [],
      "skipped": [],
      "duration": 0,
      "root": true,
      "rootEmpty": true,
      "_timeout": 2000
    }
  ],
  "meta": {
    "mocha": {
      "version": "7.0.1"
    },
    "mochawesome": {
      "options": {
        "quiet": false,
        "reportFilename": "mochawesome",
        "saveHtml": false,
        "saveJson": true,
        "consoleReporter": "spec",
        "useInlineDiffs": false,
        "code": true
      },
      "version": "7.1.3"
    },
    "marge": {
      "options": {
        "id": "default",
        "reportDir": "cypress/results/mochawesome",
        "overwrite": false,
        "html": false,
        "json": true
      },
      "version": "6.2.0"
    }
  }
}