{
  "stats": {
    "suites": 1,
    "tests": 2,
    "passes": 2,
    "pending": 0,
    "failures": 0,
    "start": "2022-04-13T09:26:30.133Z",
    "end": "2022-04-13T09:27:07.192Z",
    "duration": 37059,
    "testsRegistered": 2,
    "passPercent": 100,
    "pendingPercent": 0,
    "other": 0,
    "hasOther": false,
    "skipped": 0,
    "hasSkipped": false
  },
  "results": [
    {
      "uuid": "1a31164c-a221-407e-9393-9b302fd45623",
      "title": "",
      "fullFile": "cypress/integration/testWithPageObject.js",
      "file": "cypress/integration/testWithPageObject.js",
      "beforeHooks": [],
      "afterHooks": [],
      "tests": [],
      "suites": [
        {
          "uuid": "25999098-45c9-46f2-89b3-dafaacc8bf52",
          "title": "",
          "fullFile": "",
          "file": "",
          "beforeHooks": [],
          "afterHooks": [],
          "tests": [
            {
              "title": "upt nav menu",
              "fullTitle": " upt nav menu",
              "timedOut": null,
              "duration": 8788,
              "state": "passed",
              "speed": "medium",
              "pass": true,
              "fail": false,
              "pending": false,
              "context": null,
              "code": "_navigationPage.navigateTo.formLayoutsPage();\n_navigationPage.navigateTo.datepockerPage();\n_navigationPage.navigateTo.smartTablePage();\n_navigationPage.navigateTo.toasterPage();\n_navigationPage.navigateTo.tooltipsPage();",
              "err": {},
              "uuid": "fda13b00-79b4-44dc-aa0d-900c71bba4a9",
              "parentUUID": "25999098-45c9-46f2-89b3-dafaacc8bf52",
              "isHook": false,
              "skipped": false
            },
            {
              "title": " should test Inline form and Basic form + check Smart Table",
              "fullTitle": "  should test Inline form and Basic form + check Smart Table",
              "timedOut": null,
              "duration": 28065,
              "state": "passed",
              "speed": "slow",
              "pass": true,
              "fail": false,
              "pending": false,
              "context": null,
              "code": "_navigationPage.navigateTo.formLayoutsPage();\n_formLayoutsPage.onFormLayoutsPage.submitInlineFormWithNameAndEmail('Yaroslav', 'test@gmail.com');\n_formLayoutsPage.onFormLayoutsPage.submitBasicFormWithNameAndEmail('test@gmail.com', 'test');\n_navigationPage.navigateTo.smartTablePage();\n_smartTable.onSmartTablePage.addNewTabWithFirsrLastName('Yaroslav', 'Saienko');\n_smartTable.onSmartTablePage.updateAgeSmartTable('Yaroslav', '25');\n_smartTable.onSmartTablePage.deleteRowByIndex(2);",
              "err": {},
              "uuid": "7a4456bc-aeb3-4086-a35b-9de2972c9cfd",
              "parentUUID": "25999098-45c9-46f2-89b3-dafaacc8bf52",
              "isHook": false,
              "skipped": false
            }
          ],
          "suites": [],
          "passes": [
            "fda13b00-79b4-44dc-aa0d-900c71bba4a9",
            "7a4456bc-aeb3-4086-a35b-9de2972c9cfd"
          ],
          "failures": [],
          "pending": [],
          "skipped": [],
          "duration": 36853,
          "root": false,
          "rootEmpty": false,
          "_timeout": 2000
        }
      ],
      "passes": [],
      "failures": [],
      "pending": [],
      "skipped": [],
      "duration": 0,
      "root": true,
      "rootEmpty": true,
      "_timeout": 2000
    }
  ],
  "meta": {
    "mocha": {
      "version": "7.0.1"
    },
    "mochawesome": {
      "options": {
        "quiet": false,
        "reportFilename": "mochawesome",
        "saveHtml": false,
        "saveJson": true,
        "consoleReporter": "spec",
        "useInlineDiffs": false,
        "code": true
      },
      "version": "7.1.3"
    },
    "marge": {
      "options": {
        "id": "default",
        "reportDir": "cypress/results/mochawesome",
        "overwrite": false,
        "html": false,
        "json": true
      },
      "version": "6.2.0"
    }
  }
}