{
  "stats": {
    "suites": 1,
    "tests": 2,
    "passes": 2,
    "pending": 0,
    "failures": 0,
    "start": "2022-04-12T14:41:18.447Z",
    "end": "2022-04-12T14:41:40.936Z",
    "duration": 22489,
    "testsRegistered": 2,
    "passPercent": 100,
    "pendingPercent": 0,
    "other": 0,
    "hasOther": false,
    "skipped": 0,
    "hasSkipped": false
  },
  "results": [
    {
      "uuid": "9c5c1f6a-e7fa-40b1-b5c1-feb02d262912",
      "title": "",
      "fullFile": "cypress/integration/testWithPageObject.js",
      "file": "cypress/integration/testWithPageObject.js",
      "beforeHooks": [],
      "afterHooks": [],
      "tests": [],
      "suites": [
        {
          "uuid": "e3c4cd5c-0375-498a-b829-e4c26eb7d709",
          "title": "",
          "fullFile": "",
          "file": "",
          "beforeHooks": [],
          "afterHooks": [],
          "tests": [
            {
              "title": "upt nav menu",
              "fullTitle": " upt nav menu",
              "timedOut": null,
              "duration": 6874,
              "state": "passed",
              "speed": "medium",
              "pass": true,
              "fail": false,
              "pending": false,
              "context": null,
              "code": "_navigationPage.navigateTo.formLayoutsPage();\n_navigationPage.navigateTo.datepockerPage();\n_navigationPage.navigateTo.smartTablePage();\n_navigationPage.navigateTo.toasterPage();\n_navigationPage.navigateTo.tooltipsPage();",
              "err": {},
              "uuid": "d13e0cfa-6d09-402f-8fb9-801e5e3bc500",
              "parentUUID": "e3c4cd5c-0375-498a-b829-e4c26eb7d709",
              "isHook": false,
              "skipped": false
            },
            {
              "title": " should test Inline form and Basic form + check Smart Table",
              "fullTitle": "  should test Inline form and Basic form + check Smart Table",
              "timedOut": null,
              "duration": 15496,
              "state": "passed",
              "speed": "slow",
              "pass": true,
              "fail": false,
              "pending": false,
              "context": null,
              "code": "_navigationPage.navigateTo.formLayoutsPage();\n_formLayoutsPage.onFormLayoutsPage.submitInlineFormWithNameAndEmail('Yaroslav', 'test@gmail.com');\n_formLayoutsPage.onFormLayoutsPage.submitBasicFormWithNameAndEmail('test@gmail.com', 'test');\n_navigationPage.navigateTo.smartTablePage();\n_smartTable.onSmartTablePage.addNewTabWithFirsrLastName('Yaroslav', 'Saienko');\n_smartTable.onSmartTablePage.updateAgeSmartTable('Yaroslav', '25');\n_smartTable.onSmartTablePage.deleteRowByIndex(2);",
              "err": {},
              "uuid": "a08cd25f-b6bc-4d54-860e-6fb71d64c060",
              "parentUUID": "e3c4cd5c-0375-498a-b829-e4c26eb7d709",
              "isHook": false,
              "skipped": false
            }
          ],
          "suites": [],
          "passes": [
            "d13e0cfa-6d09-402f-8fb9-801e5e3bc500",
            "a08cd25f-b6bc-4d54-860e-6fb71d64c060"
          ],
          "failures": [],
          "pending": [],
          "skipped": [],
          "duration": 22370,
          "root": false,
          "rootEmpty": false,
          "_timeout": 2000
        }
      ],
      "passes": [],
      "failures": [],
      "pending": [],
      "skipped": [],
      "duration": 0,
      "root": true,
      "rootEmpty": true,
      "_timeout": 2000
    }
  ],
  "meta": {
    "mocha": {
      "version": "7.0.1"
    },
    "mochawesome": {
      "options": {
        "quiet": false,
        "reportFilename": "mochawesome",
        "saveHtml": false,
        "saveJson": true,
        "consoleReporter": "spec",
        "useInlineDiffs": false,
        "code": true
      },
      "version": "7.1.3"
    },
    "marge": {
      "options": {
        "id": "default",
        "reportDir": "cypress/results/mochawesome",
        "overwrite": false,
        "html": false,
        "json": true
      },
      "version": "6.2.0"
    }
  }
}