{
  "stats": {
    "suites": 1,
    "tests": 10,
    "passes": 10,
    "pending": 0,
    "failures": 0,
    "start": "2022-04-13T09:25:17.125Z",
    "end": "2022-04-13T09:25:59.680Z",
    "duration": 42555,
    "testsRegistered": 10,
    "passPercent": 100,
    "pendingPercent": 0,
    "other": 0,
    "hasOther": false,
    "skipped": 0,
    "hasSkipped": false
  },
  "results": [
    {
      "uuid": "f421f2fb-fe72-4fca-b058-771181af69d3",
      "title": "",
      "fullFile": "cypress/integration/firstTest.spec.js",
      "file": "cypress/integration/firstTest.spec.js",
      "beforeHooks": [],
      "afterHooks": [],
      "tests": [],
      "suites": [
        {
          "uuid": "d7654f8a-71b0-4a57-95b9-59c92da2bc48",
          "title": "First step",
          "fullFile": "",
          "file": "",
          "beforeHooks": [],
          "afterHooks": [],
          "tests": [
            {
              "title": "first test",
              "fullTitle": "First step first test",
              "timedOut": null,
              "duration": 5882,
              "state": "passed",
              "speed": "medium",
              "pass": true,
              "fail": false,
              "pending": false,
              "context": null,
              "code": "cy.visit('/');\ncy.contains('Forms').click();\ncy.contains('Form Layouts').click();\ncy.wait(200);\ncy.get('[tabindex=\"0\"]').parents('form').find('label');\ncy.contains('nb-card', 'Horizontal form').find('[type=\"password\"]');",
              "err": {},
              "uuid": "7908e6fb-f776-4d6c-87e7-0b237541fbfa",
              "parentUUID": "d7654f8a-71b0-4a57-95b9-59c92da2bc48",
              "isHook": false,
              "skipped": false
            },
            {
              "title": "second test",
              "fullTitle": "First step second test",
              "timedOut": null,
              "duration": 3332,
              "state": "passed",
              "speed": "fast",
              "pass": true,
              "fail": false,
              "pending": false,
              "context": null,
              "code": "cy.visit('/');\ncy.contains('Forms').click();\ncy.contains('Form Layouts').click();\ncy.wait(200); // cy.contains('nb-card','Using the Grid').find('[for=\"inputEmail1\"]').should('contain', \"Email\")\n// cy.contains('nb-card','Using the Grid').find('[for=\"inputPassword2\"]').should('contain', \"Password\")\n// cy.contains('nb-card','Basic form').find('[for=\"exampleInputEmail1\"]').should('contain', \"Email address\")\n// cy.contains('nb-card','Basic form').find('[for=\"exampleInputPassword1\"]').should('contain', \"Password\")\ncy.contains('nb-card', 'Using the Grid').then(firstForm => {\n  const firstEmailForm = firstForm.find('[for=\"inputEmail1\"]').text();\n  const firstPasswordForm = firstForm.find('[for=\"inputPassword2\"]').text();\n  expect(firstEmailForm).to.equal(\"Email\");\n  expect(firstPasswordForm).to.equal(\"Password\");\n  cy.contains('nb-card', 'Basic form').then(secondForm => {\n    const secondPasswordForm = secondForm.find('[for=\"exampleInputPassword1\"]').text();\n    expect(firstPasswordForm).to.equal(secondPasswordForm);\n    cy.wrap(secondForm).should('contain', \"Password\");\n  });\n});",
              "err": {},
              "uuid": "63148677-1bce-4fcb-99ed-f5fe868f3835",
              "parentUUID": "d7654f8a-71b0-4a57-95b9-59c92da2bc48",
              "isHook": false,
              "skipped": false
            },
            {
              "title": "invoke command",
              "fullTitle": "First step invoke command",
              "timedOut": null,
              "duration": 2767,
              "state": "passed",
              "speed": "fast",
              "pass": true,
              "fail": false,
              "pending": false,
              "context": null,
              "code": "cy.visit('/');\ncy.contains('Forms').click();\ncy.contains('Form Layouts').click();\ncy.wait(200); //1\ncy.get('[for=\"exampleInputEmail1\"]').should('contain', 'Email address'); //2\ncy.get('[for=\"exampleInputEmail1\"]').then(label => {\n  expect(label.text()).to.equal('Email address');\n}); //3\ncy.get('[for=\"exampleInputEmail1\"]').invoke('text').then(text => {\n  expect(text).to.equal('Email address');\n});\ncy.contains('nb-card', 'Basic form').find('nb-checkbox').click().find('.custom-checkbox').invoke('attr', 'class') // .should('contain', 'checked')\n.then(className => {\n  expect(className).to.contain('checked');\n});",
              "err": {},
              "uuid": "85a86b5b-df04-44c9-b160-bca679d3627f",
              "parentUUID": "d7654f8a-71b0-4a57-95b9-59c92da2bc48",
              "isHook": false,
              "skipped": false
            },
            {
              "title": "Datepicker  test",
              "fullTitle": "First step Datepicker  test",
              "timedOut": null,
              "duration": 3211,
              "state": "passed",
              "speed": "fast",
              "pass": true,
              "fail": false,
              "pending": false,
              "context": null,
              "code": "cy.visit('/');\ncy.contains('Forms').click();\ncy.contains('Datepicker').click();\nlet date = new Date();\ndate.setDate(date.getDate() + 5);\nlet futureDay = date.getDate();\nlet futureMonth = date.toLocaleString('default', {\n  month: 'short'\n});\ncy.contains('nb-card', 'Common Datepicker').find('input').then(input => {\n  cy.wrap(input).click();\n  cy.get('nb-calendar-navigation').invoke('attr', 'ng-reflect-date').then(dateAttr => {\n    if (dateAttr == futureMonth) {\n      cy.get('nb-calendar-day-picker [class=\"day-cell ng-star-inserted\"]').contains(futureDay).click();\n    }\n    if (!dateAttr.includes(futureMonth)) {\n      cy.get('[data-name=\"chevron-right\"]').click();\n      cy.get('nb-calendar-day-picker [class=\"day-cell ng-star-inserted\"]').contains(futureDay).click();\n    }\n  });\n});",
              "err": {},
              "uuid": "a2e3bde4-e872-4d03-bc6e-d3d1940a959f",
              "parentUUID": "d7654f8a-71b0-4a57-95b9-59c92da2bc48",
              "isHook": false,
              "skipped": false
            },
            {
              "title": "radioboxes test",
              "fullTitle": "First step radioboxes test",
              "timedOut": null,
              "duration": 2799,
              "state": "passed",
              "speed": "fast",
              "pass": true,
              "fail": false,
              "pending": false,
              "context": null,
              "code": "cy.visit('/');\ncy.contains('Forms').click();\ncy.contains('Form Layouts').click();\ncy.wait(200);\ncy.contains('nb-card', 'Using the Grid').find('[type=\"radio\"]').then(radioButton => {\n  cy.wrap(radioButton).first().check({\n    force: true\n  }).should('be.checked');\n  cy.wrap(radioButton).eq(1).check({\n    force: true\n  });\n  cy.wrap(radioButton).first().should('not.be.checked');\n  cy.wrap(radioButton).eq(2).should('be.disabled');\n});",
              "err": {},
              "uuid": "be5d38c4-5379-4262-9ee1-f22ec54c168e",
              "parentUUID": "d7654f8a-71b0-4a57-95b9-59c92da2bc48",
              "isHook": false,
              "skipped": false
            },
            {
              "title": "checkboxes test",
              "fullTitle": "First step checkboxes test",
              "timedOut": null,
              "duration": 3199,
              "state": "passed",
              "speed": "fast",
              "pass": true,
              "fail": false,
              "pending": false,
              "context": null,
              "code": "cy.visit('/');\ncy.contains('Modal & Overlays').click();\ncy.contains('Toastr').click();\ncy.wait(200); // cy.get('[type=\"checkbox\"]').check({force: true})\n// cy.get('[type=\"checkbox\"]').eq(0).click({force: true})\ncy.get('[type=\"checkbox\"]').eq(0).check({\n  force: true\n});",
              "err": {},
              "uuid": "1c4df3b5-eee0-44fd-b0cf-de7dd124b163",
              "parentUUID": "d7654f8a-71b0-4a57-95b9-59c92da2bc48",
              "isHook": false,
              "skipped": false
            },
            {
              "title": "lists and dropdown test",
              "fullTitle": "First step lists and dropdown test",
              "timedOut": null,
              "duration": 3007,
              "state": "passed",
              "speed": "fast",
              "pass": true,
              "fail": false,
              "pending": false,
              "context": null,
              "code": "cy.visit('/'); //1\n// cy.get('nav nb-select').contains(\"Light\").click()\n// cy.get('[ng-reflect-value=\"dark\"]').click()\n// cy.get('nav nb-select').should('contain', 'Dark')\n// cy.get('nb-layout-header nav').should('have.css', 'background-color', 'rgb(34, 43, 69)')\n//2\ncy.get('nav nb-select').then(dropdown => {\n  cy.wrap(dropdown).click();\n  cy.get('.options-list nb-option').each((listItem, index) => {\n    const colorText = listItem.text().trim();\n    const color = {\n      \"Light\": \"rgb(255, 255, 255)\",\n      \"Dark\": \"rgb(34, 43, 69)\",\n      \"Cosmic\": \"rgb(50, 50, 89)\",\n      \"Corporate\": \"rgb(255, 255, 255)\"\n    };\n    cy.wrap(listItem).click();\n    cy.wrap(dropdown).should('contain', colorText);\n    cy.get('nb-layout-header nav').should('have.css', 'background-color', color[colorText]);\n    if (index < 3) {\n      cy.wrap(dropdown).click();\n    }\n  });\n});",
              "err": {},
              "uuid": "a901211a-d711-4ae3-b5e3-7c96e49db358",
              "parentUUID": "d7654f8a-71b0-4a57-95b9-59c92da2bc48",
              "isHook": false,
              "skipped": false
            },
            {
              "title": "Web tabs test",
              "fullTitle": "First step Web tabs test",
              "timedOut": null,
              "duration": 11367,
              "state": "passed",
              "speed": "slow",
              "pass": true,
              "fail": false,
              "pending": false,
              "context": null,
              "code": "cy.visit('/');\ncy.contains('Tables & Data').click();\ncy.contains('Smart Table').click(); //1\ncy.get('tbody').contains('tr', \"Larry\").then(tableRow => {\n  cy.wrap(tableRow).find('.nb-edit').click();\n  cy.wrap(tableRow).find('[placeholder=\"Age\"]').clear().type('25');\n  cy.wrap(tableRow).find('.nb-checkmark').click();\n  cy.wrap(tableRow).find('td').eq(6).contains('25');\n}); //2\ncy.get('thead').find('.nb-plus').click();\ncy.get('thead').find('tr').eq(2).then(tableRow => {\n  cy.wrap(tableRow).find('[placeholder=\"First Name\"]').click().type('Yaroslav');\n  cy.wrap(tableRow).find('[placeholder=\"Last Name\"]').click().type('Saienko');\n  cy.wrap(tableRow).find('.nb-checkmark').click();\n});\ncy.get('tbody').find('tr').eq(0).then(tableRow => {\n  cy.wrap(tableRow).find('td').eq(2).contains('Yaroslav');\n  cy.wrap(tableRow).find('td').eq(3).contains('Saienko');\n}); //3 \nconst age = [20, 30, 40, 200];\ncy.wrap(age).each(age => {\n  cy.get('thead [placeholder=\"Age\"]').clear().type(age);\n  cy.wait(500);\n  cy.get('tbody tr').each(tableColum => {\n    if (age == 200) {\n      cy.wrap(tableColum).should('contain', 'No data found');\n    } else {\n      cy.wrap(tableColum).find('td').eq(6).should('contain', age);\n    }\n  });\n});",
              "err": {},
              "uuid": "77de801b-a62c-45ef-8ba2-1fa3df97ec6c",
              "parentUUID": "d7654f8a-71b0-4a57-95b9-59c92da2bc48",
              "isHook": false,
              "skipped": false
            },
            {
              "title": "Tooltips",
              "fullTitle": "First step Tooltips",
              "timedOut": null,
              "duration": 2993,
              "state": "passed",
              "speed": "fast",
              "pass": true,
              "fail": false,
              "pending": false,
              "context": null,
              "code": "cy.visit('/');\ncy.contains('Modal & Overlays').click();\ncy.contains('Tooltip').click();\ncy.contains('nb-card', 'Colored Tooltips').contains('Default').click();\ncy.get('nb-tooltip').should('contain', 'This is a tooltip');",
              "err": {},
              "uuid": "832fdc09-8f2b-4c05-98af-2b4c57af490a",
              "parentUUID": "d7654f8a-71b0-4a57-95b9-59c92da2bc48",
              "isHook": false,
              "skipped": false
            },
            {
              "title": "browsers dialog box test",
              "fullTitle": "First step browsers dialog box test",
              "timedOut": null,
              "duration": 3542,
              "state": "passed",
              "speed": "fast",
              "pass": true,
              "fail": false,
              "pending": false,
              "context": null,
              "code": "cy.visit('/');\ncy.contains('Tables & Data').click();\ncy.contains('Smart Table').click(); //1\ncy.get('tbody tr').first().find('.nb-trash').click();\ncy.on('window:confirm', confirm => {\n  expect(confirm).to.equal('Are you sure you want to delete?');\n}); //2\nconst stub = cy.stub();\ncy.on('window:confirm', stub);\ncy.get('tbody tr').first().find('.nb-trash').click().then(() => {\n  expect(stub.getCall(0)).to.be.calledWith('Are you sure you want to delete?');\n}); //3 'cancel'\ncy.get('tbody tr').first().find('.nb-trash').click();\ncy.on('window:confirm', () => false);",
              "err": {},
              "uuid": "9ccaabfc-0e9a-4a6f-9e91-756cad17db21",
              "parentUUID": "d7654f8a-71b0-4a57-95b9-59c92da2bc48",
              "isHook": false,
              "skipped": false
            }
          ],
          "suites": [],
          "passes": [
            "7908e6fb-f776-4d6c-87e7-0b237541fbfa",
            "63148677-1bce-4fcb-99ed-f5fe868f3835",
            "85a86b5b-df04-44c9-b160-bca679d3627f",
            "a2e3bde4-e872-4d03-bc6e-d3d1940a959f",
            "be5d38c4-5379-4262-9ee1-f22ec54c168e",
            "1c4df3b5-eee0-44fd-b0cf-de7dd124b163",
            "a901211a-d711-4ae3-b5e3-7c96e49db358",
            "77de801b-a62c-45ef-8ba2-1fa3df97ec6c",
            "832fdc09-8f2b-4c05-98af-2b4c57af490a",
            "9ccaabfc-0e9a-4a6f-9e91-756cad17db21"
          ],
          "failures": [],
          "pending": [],
          "skipped": [],
          "duration": 42099,
          "root": false,
          "rootEmpty": false,
          "_timeout": 2000
        }
      ],
      "passes": [],
      "failures": [],
      "pending": [],
      "skipped": [],
      "duration": 0,
      "root": true,
      "rootEmpty": true,
      "_timeout": 2000
    }
  ],
  "meta": {
    "mocha": {
      "version": "7.0.1"
    },
    "mochawesome": {
      "options": {
        "quiet": false,
        "reportFilename": "mochawesome",
        "saveHtml": false,
        "saveJson": true,
        "consoleReporter": "spec",
        "useInlineDiffs": false,
        "code": true
      },
      "version": "7.1.3"
    },
    "marge": {
      "options": {
        "id": "default",
        "reportDir": "cypress/results/mochawesome",
        "overwrite": false,
        "html": false,
        "json": true
      },
      "version": "6.2.0"
    }
  }
}