{
  "stats": {
    "suites": 1,
    "tests": 1,
    "passes": 1,
    "pending": 0,
    "failures": 0,
    "start": "2022-04-12T14:41:13.624Z",
    "end": "2022-04-12T14:41:15.959Z",
    "duration": 2335,
    "testsRegistered": 1,
    "passPercent": 100,
    "pendingPercent": 0,
    "other": 0,
    "hasOther": false,
    "skipped": 0,
    "hasSkipped": false
  },
  "results": [
    {
      "uuid": "74d674c9-7b15-4351-9893-7a93c0d34324",
      "title": "",
      "fullFile": "cypress/integration/jsonObject.spec.js",
      "file": "cypress/integration/jsonObject.spec.js",
      "beforeHooks": [],
      "afterHooks": [],
      "tests": [],
      "suites": [
        {
          "uuid": "f8161d4a-9b62-48ca-a452-f3ec5e6798f9",
          "title": "JSON object",
          "fullFile": "",
          "file": "",
          "beforeHooks": [],
          "afterHooks": [],
          "tests": [
            {
              "title": "JSON Object",
              "fullTitle": "JSON object JSON Object",
              "timedOut": null,
              "duration": 2280,
              "state": "passed",
              "speed": "fast",
              "pass": true,
              "fail": false,
              "pending": false,
              "context": null,
              "code": "cy.openHomePage();\nconst sipmpleObject = {\n  \"key\": \"value\",\n  \"key2\": \"value2\"\n};\nconst simpleArrayOfValue = [\"one\", \"two\", \"three\"];\nconst arrayOfObject = [{\n  \"key\": \"value\"\n}, {\n  \"key2\": \"value2\"\n}, {\n  \"key3\": \"value3\"\n}];\nconst typesData = {\n  \"string\": \"this is a string\",\n  \"number\": 10\n};\nconst mix = {\n  \"FirstName\": \"Yaroslav\",\n  \"LastName\": \"Saienko\",\n  \"Age\": 23,\n  \"Students\": [{\n    \"firstName\": \"Stacia\",\n    \"lastName\": \"Andreenko\"\n  }, {\n    \"firstName\": \"Ivan\",\n    \"lastName\": \"Bondar\"\n  }]\n};\nconsole.log(sipmpleObject.key);\nconsole.log(sipmpleObject[\"key2\"]);\nconsole.log(simpleArrayOfValue[1]);\nconsole.log(arrayOfObject[2].key3);\nconsole.log(mix.Students[1].firstName);",
              "err": {},
              "uuid": "9e187905-bd52-4cb8-a33e-bb0a5b74be59",
              "parentUUID": "f8161d4a-9b62-48ca-a452-f3ec5e6798f9",
              "isHook": false,
              "skipped": false
            }
          ],
          "suites": [],
          "passes": [
            "9e187905-bd52-4cb8-a33e-bb0a5b74be59"
          ],
          "failures": [],
          "pending": [],
          "skipped": [],
          "duration": 2280,
          "root": false,
          "rootEmpty": false,
          "_timeout": 2000
        }
      ],
      "passes": [],
      "failures": [],
      "pending": [],
      "skipped": [],
      "duration": 0,
      "root": true,
      "rootEmpty": true,
      "_timeout": 2000
    }
  ],
  "meta": {
    "mocha": {
      "version": "7.0.1"
    },
    "mochawesome": {
      "options": {
        "quiet": false,
        "reportFilename": "mochawesome",
        "saveHtml": false,
        "saveJson": true,
        "consoleReporter": "spec",
        "useInlineDiffs": false,
        "code": true
      },
      "version": "7.1.3"
    },
    "marge": {
      "options": {
        "id": "default",
        "reportDir": "cypress/results/mochawesome",
        "overwrite": false,
        "html": false,
        "json": true
      },
      "version": "6.2.0"
    }
  }
}