{
  "stats": {
    "suites": 1,
    "tests": 2,
    "passes": 2,
    "pending": 0,
    "failures": 0,
    "start": "2022-04-13T10:23:37.603Z",
    "end": "2022-04-13T10:23:48.790Z",
    "duration": 11187,
    "testsRegistered": 2,
    "passPercent": 100,
    "pendingPercent": 0,
    "other": 0,
    "hasOther": false,
    "skipped": 0,
    "hasSkipped": false
  },
  "results": [
    {
      "uuid": "d1d84bb7-7ebb-4933-874a-80fc4c7a7487",
      "title": "",
      "fullFile": "cypress/integration/visualTesting.spec.js",
      "file": "cypress/integration/visualTesting.spec.js",
      "beforeHooks": [],
      "afterHooks": [],
      "tests": [],
      "suites": [
        {
          "uuid": "1d912fec-ff55-4e31-9378-ba44794d0904",
          "title": "visual testing with plugins",
          "fullFile": "",
          "file": "",
          "beforeHooks": [],
          "afterHooks": [],
          "tests": [
            {
              "title": "first test with using snapshots",
              "fullTitle": "visual testing with plugins first test with using snapshots",
              "timedOut": null,
              "duration": 6968,
              "state": "passed",
              "speed": "medium",
              "pass": true,
              "fail": false,
              "pending": false,
              "context": null,
              "code": "cy.visit('/');\ncy.contains('Forms').click();\ncy.contains('Form Layouts').click();\ncy.wait(200);\ncy.contains('nb-card', 'Using the Grid').then(firstForm => {\n  cy.wrap(firstForm).toMatchImageSnapshot();\n});",
              "err": {},
              "uuid": "dc8594d9-033a-4515-b74d-f71e48595f48",
              "parentUUID": "1d912fec-ff55-4e31-9378-ba44794d0904",
              "isHook": false,
              "skipped": false
            },
            {
              "title": "first test with using percy",
              "fullTitle": "visual testing with plugins first test with using percy",
              "timedOut": null,
              "duration": 4184,
              "state": "passed",
              "speed": "fast",
              "pass": true,
              "fail": false,
              "pending": false,
              "context": null,
              "code": "cy.visit('/');\ncy.contains('Forms').click();\ncy.contains('Form Layouts').click();\ncy.wait(200);\ncy.contains('nb-card', 'Using the Grid').then(firstForm => {\n  cy.wait(1000);\n  cy.percySnapshot('FormLayouts');\n});",
              "err": {},
              "uuid": "c0053dd3-7e69-4647-89ba-8b4c69a0a6d4",
              "parentUUID": "1d912fec-ff55-4e31-9378-ba44794d0904",
              "isHook": false,
              "skipped": false
            }
          ],
          "suites": [],
          "passes": [
            "dc8594d9-033a-4515-b74d-f71e48595f48",
            "c0053dd3-7e69-4647-89ba-8b4c69a0a6d4"
          ],
          "failures": [],
          "pending": [],
          "skipped": [],
          "duration": 11152,
          "root": false,
          "rootEmpty": false,
          "_timeout": 2000
        }
      ],
      "passes": [],
      "failures": [],
      "pending": [],
      "skipped": [],
      "duration": 0,
      "root": true,
      "rootEmpty": true,
      "_timeout": 2000
    }
  ],
  "meta": {
    "mocha": {
      "version": "7.0.1"
    },
    "mochawesome": {
      "options": {
        "quiet": false,
        "reportFilename": "mochawesome",
        "saveHtml": false,
        "saveJson": true,
        "consoleReporter": "spec",
        "useInlineDiffs": false,
        "code": true
      },
      "version": "7.1.3"
    },
    "marge": {
      "options": {
        "id": "default",
        "reportDir": "cypress/results/mochawesome",
        "overwrite": false,
        "html": false,
        "json": true
      },
      "version": "6.2.0"
    }
  }
}